<?xml version="1.0" encoding="UTF-8"?>
<testng-results skipped="0" failed="0" ignored="0" total="6" passed="6">
  <reporter-output>
  </reporter-output>
  <suite name="Default suite" duration-ms="21882" started-at="2021-11-05T19:40:55 IST" finished-at="2021-11-05T19:41:17 IST">
    <groups>
      <group name="cucumber">
        <method signature="AbstractTestNGCucumberTests.runScenario(io.cucumber.testng.PickleWrapper, io.cucumber.testng.FeatureWrapper)[pri:0, instance:com.runner.TestNGRunner@36b4cef0]" name="runScenario" class="io.cucumber.testng.AbstractTestNGCucumberTests"/>
      </group> <!-- cucumber -->
    </groups>
    <test name="Default test" duration-ms="21882" started-at="2021-11-05T19:40:55 IST" finished-at="2021-11-05T19:41:17 IST">
      <class name="com.runner.TestNGRunner">
        <test-method status="PASS" signature="setUpClass(org.testng.ITestContext)[pri:0, instance:com.runner.TestNGRunner@36b4cef0]" name="setUpClass" is-config="true" duration-ms="1399" started-at="2021-11-05T19:40:55 IST" finished-at="2021-11-05T19:40:57 IST">
          <params>
            <param index="0">
              <value>
                <![CDATA[org.testng.TestRunner@78fb9a67]]>
              </value>
            </param>
          </params>
          <reporter-output>
          </reporter-output>
        </test-method> <!-- setUpClass -->
        <test-method status="PASS" signature="runScenario(io.cucumber.testng.PickleWrapper, io.cucumber.testng.FeatureWrapper)[pri:0, instance:com.runner.TestNGRunner@36b4cef0]" name="runScenario" duration-ms="19263" started-at="2021-11-05T19:40:57 IST" description="Runs Cucumber Scenarios" data-provider="scenarios" finished-at="2021-11-05T19:41:16 IST">
          <params>
            <param index="0">
              <value>
                <![CDATA["I want to search on duck-duck-go site"]]>
              </value>
            </param>
            <param index="1">
              <value>
                <![CDATA["Optional[Duck Duck Go Search]"]]>
              </value>
            </param>
          </params>
          <reporter-output>
          </reporter-output>
        </test-method> <!-- runScenario -->
        <test-method status="PASS" signature="runScenario(io.cucumber.testng.PickleWrapper, io.cucumber.testng.FeatureWrapper)[pri:0, instance:com.runner.TestNGRunner@36b4cef0]" name="runScenario" duration-ms="19324" started-at="2021-11-05T19:40:57 IST" description="Runs Cucumber Scenarios" data-provider="scenarios" finished-at="2021-11-05T19:41:16 IST">
          <params>
            <param index="0">
              <value>
                <![CDATA["I want to search on duck-duck-go site"]]>
              </value>
            </param>
            <param index="1">
              <value>
                <![CDATA["Optional[Duck Duck Go Search]"]]>
              </value>
            </param>
          </params>
          <reporter-output>
          </reporter-output>
        </test-method> <!-- runScenario -->
        <test-method status="PASS" signature="runScenario(io.cucumber.testng.PickleWrapper, io.cucumber.testng.FeatureWrapper)[pri:0, instance:com.runner.TestNGRunner@36b4cef0]" name="runScenario" duration-ms="18742" started-at="2021-11-05T19:40:57 IST" description="Runs Cucumber Scenarios" data-provider="scenarios" finished-at="2021-11-05T19:41:16 IST">
          <params>
            <param index="0">
              <value>
                <![CDATA["I want to search on duck-duck-go site"]]>
              </value>
            </param>
            <param index="1">
              <value>
                <![CDATA["Optional[Duck Duck Go Search2]"]]>
              </value>
            </param>
          </params>
          <reporter-output>
          </reporter-output>
        </test-method> <!-- runScenario -->
        <test-method status="PASS" signature="runScenario(io.cucumber.testng.PickleWrapper, io.cucumber.testng.FeatureWrapper)[pri:0, instance:com.runner.TestNGRunner@36b4cef0]" name="runScenario" duration-ms="18848" started-at="2021-11-05T19:40:57 IST" description="Runs Cucumber Scenarios" data-provider="scenarios" finished-at="2021-11-05T19:41:16 IST">
          <params>
            <param index="0">
              <value>
                <![CDATA["I want to search on duck-duck-go site"]]>
              </value>
            </param>
            <param index="1">
              <value>
                <![CDATA["Optional[Duck Duck Go Search2]"]]>
              </value>
            </param>
          </params>
          <reporter-output>
          </reporter-output>
        </test-method> <!-- runScenario -->
        <test-method status="PASS" signature="runScenario(io.cucumber.testng.PickleWrapper, io.cucumber.testng.FeatureWrapper)[pri:0, instance:com.runner.TestNGRunner@36b4cef0]" name="runScenario" duration-ms="19511" started-at="2021-11-05T19:40:57 IST" description="Runs Cucumber Scenarios" data-provider="scenarios" finished-at="2021-11-05T19:41:16 IST">
          <params>
            <param index="0">
              <value>
                <![CDATA["I want to search on duck-duck-go site"]]>
              </value>
            </param>
            <param index="1">
              <value>
                <![CDATA["Optional[Duck Duck Go Search2]"]]>
              </value>
            </param>
          </params>
          <reporter-output>
          </reporter-output>
        </test-method> <!-- runScenario -->
        <test-method status="PASS" signature="runScenario(io.cucumber.testng.PickleWrapper, io.cucumber.testng.FeatureWrapper)[pri:0, instance:com.runner.TestNGRunner@36b4cef0]" name="runScenario" duration-ms="18848" started-at="2021-11-05T19:40:57 IST" description="Runs Cucumber Scenarios" data-provider="scenarios" finished-at="2021-11-05T19:41:16 IST">
          <params>
            <param index="0">
              <value>
                <![CDATA["I want to search on duck-duck-go site"]]>
              </value>
            </param>
            <param index="1">
              <value>
                <![CDATA["Optional[Duck Duck Go Search]"]]>
              </value>
            </param>
          </params>
          <reporter-output>
          </reporter-output>
        </test-method> <!-- runScenario -->
        <test-method status="PASS" signature="tearDownClass()[pri:0, instance:com.runner.TestNGRunner@36b4cef0]" name="tearDownClass" is-config="true" duration-ms="904" started-at="2021-11-05T19:41:16 IST" finished-at="2021-11-05T19:41:17 IST">
          <reporter-output>
          </reporter-output>
        </test-method> <!-- tearDownClass -->
      </class> <!-- com.runner.TestNGRunner -->
    </test> <!-- Default test -->
  </suite> <!-- Default suite -->
</testng-results>
